<?xml version="1.0" encoding="UTF-8"?>
<!-- Generated by org.testng.reporters.JUnitReportReporter -->
<testsuite name="testsases.Tc01" tests="1" time="3.589" ignored="0" failures="0" timestamp="22 Feb 2021 16:49:50 GMT" skipped="0" hostname="Dell-Inspiron-5482" errors="0">
  <testcase name="testCase" time="3.589" classname="testsases.Tc01"/>
</testsuite> <!-- testsases.Tc01 -->
